<layout>
    <decoration size="500,50" offset="6,6" affinity="top,left" type="legend"/>
</layout>