<layout>
    <decoration size="600,600" offset="6,6" affinity="top,left" type="legend"/>
</layout>